Traceback (most recent call last):
  File "/home/andy/school/cs321_AI/work_with_dan/20questions/web/application.py", line 242, in process
    return self.handle()
  File "/home/andy/school/cs321_AI/work_with_dan/20questions/web/application.py", line 233, in handle
    return self._delegate(fn, self.fvars, args)
  File "/home/andy/school/cs321_AI/work_with_dan/20questions/web/application.py", line 415, in _delegate
    return handle_class(cls)
  File "/home/andy/school/cs321_AI/work_with_dan/20questions/web/application.py", line 390, in handle_class
    return tocall(*args)
  File "webinterface.py", line 99, in POST
    new_question_id = model.add_question(question)
  File "/home/andy/school/cs321_AI/work_with_dan/20questions/model.py", line 25, in add_question
    add_data(object.id, question_id)
  File "/home/andy/school/cs321_AI/work_with_dan/20questions/model.py", line 29, in add_data
    db.insert('data', object_id=object_id, question_id=question_id, value=value)
  File "/home/andy/school/cs321_AI/work_with_dan/20questions/web/db.py", line 733, in insert
    self._db_execute(db_cursor, q1)
  File "/home/andy/school/cs321_AI/work_with_dan/20questions/web/db.py", line 562, in _db_execute
    out = cur.execute(sql_query.query(paramstyle), sql_query.values())
OperationalError: database is locked
